TN:
SF:libs/core/appModule/appModule.js
FN:7,AppModule
FN:17,isExists
FN:21,load
FNF:3
FNH:3
FNDA:7,AppModule
FNDA:2,isExists
FNDA:2,load
DA:1,1
DA:2,1
DA:3,1
DA:4,1
DA:5,1
DA:6,1
DA:7,1
DA:8,7
DA:9,7
DA:10,7
DA:11,7
DA:12,7
DA:13,7
DA:14,7
DA:15,7
DA:16,1
DA:17,1
DA:18,2
DA:19,2
DA:20,1
DA:21,1
DA:22,2
DA:23,1
DA:24,1
DA:25,1
DA:26,1
DA:27,1
DA:28,1
DA:29,1
LF:29
LH:29
BRDA:7,0,0,7
BRDA:10,1,0,0
BRDA:17,2,0,2
BRDA:21,3,0,2
BRDA:22,4,0,1
BRF:5
BRH:4
end_of_record
TN:
SF:libs/core/appModule/appModuleLoader.js
FN:10,AppModuleLoader
FN:15,load
FN:35,#recursiveReadDir
FN:61,isScriptFile
FNF:4
FNH:4
FNDA:2,AppModuleLoader
FNDA:2,load
FNDA:2,#recursiveReadDir
FNDA:4,isScriptFile
DA:1,1
DA:2,1
DA:3,1
DA:4,1
DA:5,1
DA:6,1
DA:7,1
DA:8,1
DA:9,1
DA:10,1
DA:11,2
DA:12,2
DA:13,2
DA:14,1
DA:15,1
DA:16,2
DA:17,2
DA:18,2
DA:19,2
DA:20,2
DA:21,2
DA:22,2
DA:23,2
DA:24,2
DA:25,2
DA:26,2
DA:27,2
DA:28,2
DA:29,2
DA:30,2
DA:31,2
DA:32,2
DA:33,2
DA:34,1
DA:35,1
DA:36,2
DA:37,2
DA:38,2
DA:39,2
DA:40,2
DA:41,2
DA:42,2
DA:43,2
DA:44,2
DA:45,2
DA:46,2
DA:47,2
DA:48,6
DA:49,4
DA:50,4
DA:51,4
DA:52,6
DA:53,0
DA:54,0
DA:55,0
DA:56,6
DA:57,2
DA:58,2
DA:59,2
DA:60,1
DA:61,1
DA:62,4
DA:63,4
DA:64,1
DA:65,1
DA:66,1
LF:66
LH:63
BRDA:10,0,0,2
BRDA:15,1,0,2
BRDA:18,2,0,0
BRDA:21,3,0,0
BRDA:24,4,0,4
BRDA:25,5,0,2
BRDA:26,6,0,4
BRDA:35,7,0,2
BRDA:37,8,0,0
BRDA:40,9,0,0
BRDA:43,10,0,0
BRDA:47,11,0,6
BRDA:48,12,0,2
BRDA:48,13,0,4
BRDA:52,14,0,0
BRDA:61,15,0,4
BRF:16
BRH:10
end_of_record
TN:
SF:libs/core/appModule/__test__/module/aModule.js
FN:1,aFunction
FNF:1
FNH:0
FNDA:0,aFunction
DA:1,1
DA:2,0
DA:3,0
LF:3
LH:1
BRF:0
BRH:0
end_of_record
TN:
SF:libs/core/diContainer/diContainer.js
FN:9,<instance_members_initializer>
FN:13,DiContainer
FN:19,registration
FN:45,get
FN:54,getListByTag
FN:68,#buildComponent
FNF:6
FNH:6
FNDA:9,<instance_members_initializer>
FNDA:9,DiContainer
FNDA:17,registration
FNDA:14,get
FNDA:4,getListByTag
FNDA:12,#buildComponent
DA:1,1
DA:2,1
DA:3,1
DA:4,1
DA:5,1
DA:6,1
DA:7,1
DA:8,1
DA:9,1
DA:10,9
DA:11,1
DA:12,1
DA:13,1
DA:14,9
DA:15,9
DA:16,9
DA:17,9
DA:18,1
DA:19,1
DA:20,17
DA:21,0
DA:22,0
DA:23,17
DA:24,17
DA:25,17
DA:26,17
DA:27,17
DA:28,17
DA:29,17
DA:30,17
DA:31,17
DA:32,17
DA:33,17
DA:34,17
DA:35,17
DA:36,17
DA:37,6
DA:38,6
DA:39,6
DA:40,6
DA:41,17
DA:42,17
DA:43,17
DA:44,1
DA:45,1
DA:46,14
DA:47,14
DA:48,2
DA:49,2
DA:50,12
DA:51,12
DA:52,12
DA:53,1
DA:54,1
DA:55,4
DA:56,4
DA:57,1
DA:58,1
DA:59,1
DA:60,1
DA:61,4
DA:62,2
DA:63,2
DA:64,1
DA:65,1
DA:66,1
DA:67,1
DA:68,1
DA:69,12
DA:70,12
DA:71,11
DA:72,11
DA:73,11
DA:74,11
DA:75,12
DA:76,11
DA:77,12
DA:78,11
DA:79,11
DA:80,11
DA:81,1
DA:82,1
DA:83,1
LF:83
LH:81
BRDA:9,0,0,9
BRDA:13,1,0,9
BRDA:19,2,0,17
BRDA:20,3,0,0
BRDA:24,4,0,16
BRDA:29,5,0,14
BRDA:36,6,0,11
BRDA:36,7,0,6
BRDA:37,8,0,3
BRDA:45,9,0,14
BRDA:47,10,0,2
BRDA:49,11,0,12
BRDA:54,12,0,4
BRDA:55,13,0,2
BRDA:56,14,0,1
BRDA:61,15,0,2
BRDA:63,16,0,1
BRDA:68,17,0,12
BRDA:70,18,0,1
BRDA:70,19,0,11
BRDA:75,20,0,1
BRDA:75,21,0,11
BRDA:77,22,0,9
BRDA:77,23,0,11
BRDA:72,24,0,3
BRF:25
BRH:24
end_of_record
TN:
SF:libs/core/metadataRegistry/metadataRegistry.js
FN:6,<instance_members_initializer>
FN:8,MetadataRegistry
FN:12,getMetadata
FN:21,defineMetadata
FN:30,hasMetadata
FN:38,deleteMetadata
FN:46,#registerTarget
FNF:7
FNH:7
FNDA:5,<instance_members_initializer>
FNDA:5,MetadataRegistry
FNDA:5,getMetadata
FNDA:6,defineMetadata
FNDA:3,hasMetadata
FNDA:2,deleteMetadata
FNDA:12,#registerTarget
DA:1,1
DA:2,1
DA:3,1
DA:4,1
DA:5,1
DA:6,1
DA:7,1
DA:8,1
DA:9,5
DA:10,5
DA:11,1
DA:12,1
DA:13,5
DA:14,5
DA:15,4
DA:16,4
DA:17,4
DA:18,5
DA:19,5
DA:20,1
DA:21,1
DA:22,6
DA:23,6
DA:24,5
DA:25,5
DA:26,5
DA:27,5
DA:28,5
DA:29,1
DA:30,1
DA:31,3
DA:32,3
DA:33,2
DA:34,2
DA:35,2
DA:36,2
DA:37,1
DA:38,1
DA:39,2
DA:40,2
DA:41,1
DA:42,1
DA:43,1
DA:44,1
DA:45,1
DA:46,1
DA:47,12
DA:48,12
DA:49,12
DA:50,1
DA:51,1
DA:52,1
LF:52
LH:52
BRDA:6,0,0,5
BRDA:8,1,0,5
BRDA:12,2,0,5
BRDA:13,3,0,0
BRDA:14,4,0,1
BRDA:14,5,0,4
BRDA:18,6,0,1
BRDA:21,7,0,6
BRDA:22,8,0,0
BRDA:23,9,0,1
BRDA:23,10,0,5
BRDA:30,11,0,3
BRDA:31,12,0,0
BRDA:32,13,0,1
BRDA:32,14,0,2
BRDA:38,15,0,2
BRDA:39,16,0,0
BRDA:40,17,0,1
BRDA:46,18,0,12
BRDA:47,19,0,4
BRF:20
BRH:16
end_of_record
TN:
SF:libs/utils/index.js
FNF:0
FNH:0
DA:1,1
DA:2,1
DA:3,1
DA:4,1
DA:5,1
DA:6,1
LF:6
LH:6
BRF:0
BRH:0
end_of_record
TN:
SF:libs/utils/result.js
FN:2,Result
FN:11,map
FN:18,filter
FN:23,reduce
FN:30,get
FN:34,then
FN:39,at
FN:44,first
FN:49,catch
FN:54,finally
FN:59,forEach
FN:67,flat
FN:72,concat
FN:77,sort
FN:82,toMap
FN:87,toObject
FN:92,copy
FN:96,of
FNF:18
FNH:7
FNDA:2,Result
FNDA:2,map
FNDA:2,filter
FNDA:0,reduce
FNDA:2,get
FNDA:0,then
FNDA:0,at
FNDA:0,first
FNDA:0,catch
FNDA:0,finally
FNDA:0,forEach
FNDA:0,flat
FNDA:0,concat
FNDA:2,sort
FNDA:0,toMap
FNDA:2,toObject
FNDA:0,copy
FNDA:2,of
DA:1,1
DA:2,1
DA:3,2
DA:4,2
DA:5,2
DA:6,2
DA:7,2
DA:8,2
DA:9,2
DA:10,1
DA:11,1
DA:12,2
DA:13,2
DA:14,2
DA:15,2
DA:16,2
DA:17,1
DA:18,1
DA:19,2
DA:20,2
DA:21,2
DA:22,1
DA:23,1
DA:24,0
DA:25,0
DA:26,0
DA:27,0
DA:28,0
DA:29,1
DA:30,1
DA:31,2
DA:32,2
DA:33,1
DA:34,1
DA:35,0
DA:36,0
DA:37,0
DA:38,1
DA:39,1
DA:40,0
DA:41,0
DA:42,0
DA:43,1
DA:44,1
DA:45,0
DA:46,0
DA:47,0
DA:48,1
DA:49,1
DA:50,0
DA:51,0
DA:52,0
DA:53,1
DA:54,1
DA:55,0
DA:56,0
DA:57,0
DA:58,1
DA:59,1
DA:60,0
DA:61,0
DA:62,0
DA:63,0
DA:64,0
DA:65,0
DA:66,1
DA:67,1
DA:68,0
DA:69,0
DA:70,0
DA:71,1
DA:72,1
DA:73,0
DA:74,0
DA:75,0
DA:76,1
DA:77,1
DA:78,2
DA:79,2
DA:80,2
DA:81,1
DA:82,1
DA:83,0
DA:84,0
DA:85,0
DA:86,1
DA:87,1
DA:88,2
DA:89,2
DA:90,2
DA:91,1
DA:92,1
DA:93,0
DA:94,0
DA:95,1
DA:96,1
DA:97,2
DA:98,2
DA:99,1
LF:99
LH:62
BRDA:2,0,0,2
BRDA:5,1,0,2
BRDA:11,2,0,2
BRDA:12,3,0,2
BRDA:18,4,0,2
BRDA:19,5,0,2
BRDA:30,6,0,2
BRDA:77,7,0,2
BRDA:78,8,0,2
BRDA:87,9,0,2
BRDA:88,10,0,2
BRDA:96,11,0,2
BRF:12
BRH:12
end_of_record
