TN:
SF:libs/core/diContainer.js
FN:9,<instance_members_initializer>
FN:13,DiContainer
FN:19,registration
FN:45,get
FN:54,getListByTag
FN:68,#buildComponent
FNF:6
FNH:6
FNDA:9,<instance_members_initializer>
FNDA:9,DiContainer
FNDA:17,registration
FNDA:14,get
FNDA:4,getListByTag
FNDA:12,#buildComponent
DA:1,1
DA:2,1
DA:3,1
DA:4,1
DA:5,1
DA:6,1
DA:7,1
DA:8,1
DA:9,1
DA:10,9
DA:11,1
DA:12,1
DA:13,1
DA:14,9
DA:15,9
DA:16,9
DA:17,9
DA:18,1
DA:19,1
DA:20,17
DA:21,0
DA:22,0
DA:23,17
DA:24,17
DA:25,17
DA:26,17
DA:27,17
DA:28,17
DA:29,17
DA:30,17
DA:31,17
DA:32,17
DA:33,17
DA:34,17
DA:35,17
DA:36,17
DA:37,6
DA:38,6
DA:39,6
DA:40,6
DA:41,17
DA:42,17
DA:43,17
DA:44,1
DA:45,1
DA:46,14
DA:47,14
DA:48,2
DA:49,2
DA:50,12
DA:51,12
DA:52,12
DA:53,1
DA:54,1
DA:55,4
DA:56,4
DA:57,1
DA:58,1
DA:59,1
DA:60,1
DA:61,4
DA:62,2
DA:63,2
DA:64,1
DA:65,1
DA:66,1
DA:67,1
DA:68,1
DA:69,12
DA:70,12
DA:71,11
DA:72,11
DA:73,11
DA:74,11
DA:75,12
DA:76,11
DA:77,12
DA:78,11
DA:79,11
DA:80,11
DA:81,1
DA:82,1
DA:83,1
LF:83
LH:81
BRDA:9,0,0,9
BRDA:13,1,0,9
BRDA:19,2,0,17
BRDA:20,3,0,0
BRDA:24,4,0,16
BRDA:29,5,0,14
BRDA:36,6,0,11
BRDA:36,7,0,6
BRDA:37,8,0,3
BRDA:45,9,0,14
BRDA:47,10,0,2
BRDA:49,11,0,12
BRDA:54,12,0,4
BRDA:55,13,0,2
BRDA:56,14,0,1
BRDA:61,15,0,2
BRDA:63,16,0,1
BRDA:68,17,0,12
BRDA:70,18,0,1
BRDA:70,19,0,11
BRDA:75,20,0,1
BRDA:75,21,0,11
BRDA:77,22,0,9
BRDA:77,23,0,11
BRDA:72,24,0,3
BRF:25
BRH:24
end_of_record
TN:
SF:libs/core/metadataRegistry.js
FN:6,<instance_members_initializer>
FN:8,MetadataRegistry
FN:12,getMetadata
FN:21,defineMetadata
FN:30,hasMetadata
FN:38,deleteMetadata
FN:46,#registerTarget
FNF:7
FNH:7
FNDA:5,<instance_members_initializer>
FNDA:5,MetadataRegistry
FNDA:5,getMetadata
FNDA:6,defineMetadata
FNDA:3,hasMetadata
FNDA:2,deleteMetadata
FNDA:12,#registerTarget
DA:1,1
DA:2,1
DA:3,1
DA:4,1
DA:5,1
DA:6,1
DA:7,1
DA:8,1
DA:9,5
DA:10,5
DA:11,1
DA:12,1
DA:13,5
DA:14,5
DA:15,4
DA:16,4
DA:17,4
DA:18,5
DA:19,5
DA:20,1
DA:21,1
DA:22,6
DA:23,6
DA:24,5
DA:25,5
DA:26,5
DA:27,5
DA:28,5
DA:29,1
DA:30,1
DA:31,3
DA:32,3
DA:33,2
DA:34,2
DA:35,2
DA:36,2
DA:37,1
DA:38,1
DA:39,2
DA:40,2
DA:41,1
DA:42,1
DA:43,1
DA:44,1
DA:45,1
DA:46,1
DA:47,12
DA:48,12
DA:49,12
DA:50,1
DA:51,1
DA:52,1
LF:52
LH:52
BRDA:6,0,0,5
BRDA:8,1,0,5
BRDA:12,2,0,5
BRDA:13,3,0,0
BRDA:14,4,0,1
BRDA:14,5,0,4
BRDA:18,6,0,1
BRDA:21,7,0,6
BRDA:22,8,0,0
BRDA:23,9,0,1
BRDA:23,10,0,5
BRDA:30,11,0,3
BRDA:31,12,0,0
BRDA:32,13,0,1
BRDA:32,14,0,2
BRDA:38,15,0,2
BRDA:39,16,0,0
BRDA:40,17,0,1
BRDA:46,18,0,12
BRDA:47,19,0,4
BRF:20
BRH:16
end_of_record
TN:
SF:libs/core/schema/checkResult.js
FN:2,<instance_members_initializer>
FN:5,CheckResult
FN:21,addError
FN:35,get valid
FN:39,get errors
FN:43,<static_initializer>
FNF:6
FNH:3
FNDA:2,<instance_members_initializer>
FNDA:2,CheckResult
FNDA:0,addError
FNDA:0,get valid
FNDA:0,get errors
FNDA:1,<static_initializer>
DA:1,1
DA:2,1
DA:3,1
DA:4,1
DA:5,1
DA:6,2
DA:7,0
DA:8,0
DA:9,2
DA:10,2
DA:11,0
DA:12,0
DA:13,0
DA:14,0
DA:15,0
DA:16,0
DA:17,2
DA:18,2
DA:19,2
DA:20,1
DA:21,1
DA:22,0
DA:23,0
DA:24,0
DA:25,0
DA:26,0
DA:27,0
DA:28,0
DA:29,0
DA:30,0
DA:31,0
DA:32,0
DA:33,0
DA:34,1
DA:35,1
DA:36,0
DA:37,0
DA:38,1
DA:39,1
DA:40,0
DA:41,0
DA:42,1
DA:43,1
DA:44,1
DA:45,1
DA:46,1
DA:47,1
LF:47
LH:23
BRDA:2,0,0,2
BRDA:5,1,0,2
BRDA:6,2,0,0
BRDA:10,3,0,0
BRDA:43,4,0,1
BRF:5
BRH:3
end_of_record
TN:
SF:libs/core/schema/defaultAdapter.js
FN:11,factoryType
FNF:1
FNH:1
FNDA:10,factoryType
DA:1,1
DA:2,1
DA:3,1
DA:4,1
DA:5,1
DA:6,1
DA:7,1
DA:8,1
DA:9,1
DA:10,1
DA:11,1
DA:12,10
DA:13,10
DA:14,10
DA:15,10
DA:16,10
DA:17,10
DA:18,4
DA:19,10
DA:20,10
DA:21,1
DA:22,1
DA:23,10
DA:24,10
DA:25,1
DA:26,1
DA:27,10
DA:28,10
DA:29,1
DA:30,1
DA:31,1
DA:32,1
DA:33,2
DA:34,2
DA:35,1
DA:36,1
DA:37,10
DA:38,10
DA:39,3
DA:40,10
DA:41,0
DA:42,1
DA:43,1
DA:44,1
LF:44
LH:43
BRDA:11,0,0,10
BRDA:15,1,0,1
BRDA:16,2,0,3
BRDA:17,3,0,4
BRDA:20,4,0,1
BRDA:24,5,0,1
BRDA:28,6,0,1
BRDA:32,7,0,2
BRDA:38,8,0,3
BRDA:40,9,0,0
BRF:10
BRH:9
end_of_record
TN:
SF:libs/core/schema/field.js
FN:7,AbstractField
FN:11,check
FN:15,transform
FN:21,ScalarField
FN:27,check
FN:33,transform
FN:50,<instance_members_initializer>
FN:52,EnumField
FN:58,get values
FN:62,check
FN:68,transform
FN:74,ArrayField
FN:81,check
FN:98,transform
FN:105,SchemaField
FN:111,check
FN:124,transform
FN:134,UnknownField
FNF:18
FNH:8
FNDA:10,AbstractField
FNDA:0,check
FNDA:0,transform
FNDA:4,ScalarField
FNDA:0,check
FNDA:0,transform
FNDA:1,<instance_members_initializer>
FNDA:1,EnumField
FNDA:1,get values
FNDA:0,check
FNDA:0,transform
FNDA:1,ArrayField
FNDA:0,check
FNDA:0,transform
FNDA:1,SchemaField
FNDA:0,check
FNDA:0,transform
FNDA:3,UnknownField
DA:1,1
DA:2,1
DA:3,1
DA:4,1
DA:5,1
DA:6,1
DA:7,1
DA:8,10
DA:9,10
DA:10,1
DA:11,1
DA:12,0
DA:13,0
DA:14,1
DA:15,1
DA:16,0
DA:17,0
DA:18,1
DA:19,1
DA:20,1
DA:21,1
DA:22,4
DA:23,4
DA:24,4
DA:25,4
DA:26,1
DA:27,1
DA:28,0
DA:29,0
DA:30,0
DA:31,0
DA:32,1
DA:33,1
DA:34,0
DA:35,0
DA:36,0
DA:37,0
DA:38,0
DA:39,0
DA:40,0
DA:41,0
DA:42,0
DA:43,0
DA:44,0
DA:45,0
DA:46,1
DA:47,1
DA:48,1
DA:49,1
DA:50,1
DA:51,1
DA:52,1
DA:53,1
DA:54,1
DA:55,1
DA:56,1
DA:57,1
DA:58,1
DA:59,1
DA:60,1
DA:61,1
DA:62,1
DA:63,0
DA:64,0
DA:65,0
DA:66,0
DA:67,1
DA:68,1
DA:69,0
DA:70,0
DA:71,1
DA:72,1
DA:73,1
DA:74,1
DA:75,1
DA:76,1
DA:77,1
DA:78,1
DA:79,1
DA:80,1
DA:81,1
DA:82,0
DA:83,0
DA:84,0
DA:85,0
DA:86,0
DA:87,0
DA:88,0
DA:89,0
DA:90,0
DA:91,0
DA:92,0
DA:93,0
DA:94,0
DA:95,0
DA:96,0
DA:97,1
DA:98,1
DA:99,0
DA:100,0
DA:101,0
DA:102,1
DA:103,1
DA:104,1
DA:105,1
DA:106,1
DA:107,1
DA:108,1
DA:109,1
DA:110,1
DA:111,1
DA:112,0
DA:113,0
DA:114,0
DA:115,0
DA:116,0
DA:117,0
DA:118,0
DA:119,0
DA:120,0
DA:121,0
DA:122,0
DA:123,1
DA:124,1
DA:125,0
DA:126,0
DA:127,0
DA:128,0
DA:129,0
DA:130,0
DA:131,1
DA:132,1
DA:133,1
DA:134,1
DA:135,3
DA:136,3
DA:137,3
DA:138,1
DA:139,1
DA:140,1
LF:140
LH:79
BRDA:7,0,0,10
BRDA:21,1,0,4
BRDA:50,2,0,1
BRDA:52,3,0,1
BRDA:58,4,0,1
BRDA:74,5,0,1
BRDA:105,6,0,1
BRDA:134,7,0,3
BRF:8
BRH:8
end_of_record
TN:
SF:libs/core/schema/schemaParser.js
FN:9,parser
FN:19,sourceType
FN:24,parserString
FN:56,parserObject
FN:81,parserSchema
FN:97,parserArray
FNF:6
FNH:6
FNDA:10,parser
FNDA:10,sourceType
FNDA:4,parserString
FNDA:4,parserObject
FNDA:1,parserSchema
FNDA:1,parserArray
DA:1,1
DA:2,1
DA:3,1
DA:4,1
DA:5,1
DA:6,1
DA:7,1
DA:8,1
DA:9,1
DA:10,10
DA:11,10
DA:12,10
DA:13,10
DA:14,10
DA:15,9
DA:16,10
DA:17,10
DA:18,1
DA:19,1
DA:20,10
DA:21,9
DA:22,9
DA:23,1
DA:24,1
DA:25,4
DA:26,4
DA:27,4
DA:28,4
DA:29,4
DA:30,0
DA:31,0
DA:32,0
DA:33,0
DA:34,0
DA:35,0
DA:36,0
DA:37,0
DA:38,4
DA:39,4
DA:40,4
DA:41,4
DA:42,4
DA:43,4
DA:44,4
DA:45,4
DA:46,0
DA:47,0
DA:48,0
DA:49,0
DA:50,0
DA:51,0
DA:52,0
DA:53,0
DA:54,0
DA:55,1
DA:56,1
DA:57,4
DA:58,4
DA:59,4
DA:60,1
DA:61,1
DA:62,3
DA:63,3
DA:64,3
DA:65,4
DA:66,2
DA:67,2
DA:68,2
DA:69,2
DA:70,2
DA:71,2
DA:72,1
DA:73,1
DA:74,1
DA:75,1
DA:76,1
DA:77,1
DA:78,1
DA:79,1
DA:80,1
DA:81,1
DA:82,1
DA:83,1
DA:84,1
DA:85,1
DA:86,1
DA:87,1
DA:88,1
DA:89,1
DA:90,1
DA:91,1
DA:92,1
DA:93,1
DA:94,1
DA:95,1
DA:96,1
DA:97,1
DA:98,1
DA:99,1
DA:100,1
DA:101,1
DA:102,1
DA:103,1
DA:104,1
DA:105,1
DA:106,1
DA:107,1
DA:108,1
DA:109,1
DA:110,1
LF:110
LH:93
BRDA:9,0,0,10
BRDA:14,1,0,1
BRDA:14,2,0,9
BRDA:19,3,0,10
BRDA:20,4,0,1
BRDA:20,5,0,9
BRDA:24,6,0,4
BRDA:26,7,0,3
BRDA:26,8,0,1
BRDA:29,9,0,0
BRDA:45,10,0,0
BRDA:56,11,0,4
BRDA:59,12,0,1
BRDA:61,13,0,3
BRDA:65,14,0,2
BRDA:71,15,0,1
BRDA:81,16,0,1
BRDA:97,17,0,1
BRF:18
BRH:16
end_of_record
TN:
SF:libs/core/schema/types.js
FNF:0
FNH:0
DA:1,1
DA:2,1
DA:3,1
DA:4,1
DA:5,1
DA:6,1
DA:7,1
DA:8,1
DA:9,1
DA:10,1
DA:11,1
DA:12,1
DA:13,1
LF:13
LH:13
BRF:0
BRH:0
end_of_record
TN:
SF:libs/core/server/controllerParser.js
FN:8,parse
FN:20,defaultGuard
FN:24,parseObject
FN:56,#createHandler
FN:78,#extractSubController
FN:85,#extractMethods
FN:101,#parseMappingParams
FNF:7
FNH:6
FNDA:1,parse
FNDA:0,defaultGuard
FNDA:5,parseObject
FNDA:9,#createHandler
FNDA:5,#extractSubController
FNDA:5,#extractMethods
FNDA:9,#parseMappingParams
DA:1,1
DA:2,1
DA:3,1
DA:4,1
DA:5,1
DA:6,1
DA:7,1
DA:8,1
DA:9,1
DA:10,1
DA:11,1
DA:12,1
DA:13,1
DA:14,1
DA:15,1
DA:16,1
DA:17,1
DA:18,1
DA:19,1
DA:20,1
DA:21,0
DA:22,0
DA:23,1
DA:24,1
DA:25,5
DA:26,5
DA:27,5
DA:28,5
DA:29,5
DA:30,5
DA:31,5
DA:32,5
DA:33,9
DA:34,9
DA:35,9
DA:36,9
DA:37,9
DA:38,9
DA:39,9
DA:40,9
DA:41,9
DA:42,9
DA:43,9
DA:44,5
DA:45,5
DA:46,1
DA:47,1
DA:48,1
DA:49,1
DA:50,1
DA:51,1
DA:52,5
DA:53,5
DA:54,5
DA:55,1
DA:56,1
DA:57,9
DA:58,9
DA:59,9
DA:60,9
DA:61,9
DA:62,9
DA:63,9
DA:64,9
DA:65,9
DA:66,9
DA:67,9
DA:68,9
DA:69,9
DA:70,9
DA:71,9
DA:72,9
DA:73,9
DA:74,9
DA:75,9
DA:76,9
DA:77,1
DA:78,1
DA:79,5
DA:80,5
DA:81,5
DA:82,5
DA:83,5
DA:84,1
DA:85,1
DA:86,5
DA:87,4
DA:88,4
DA:89,4
DA:90,1
DA:91,1
DA:92,1
DA:93,1
DA:94,1
DA:95,1
DA:96,1
DA:97,1
DA:98,1
DA:99,1
DA:100,1
DA:101,1
DA:102,9
DA:103,9
DA:104,9
DA:105,9
DA:106,13
DA:107,13
DA:108,2
DA:109,2
DA:110,13
DA:111,13
DA:112,13
DA:113,13
DA:114,13
DA:115,9
DA:116,9
DA:117,9
DA:118,1
DA:119,1
DA:120,1
LF:120
LH:118
BRDA:8,0,0,1
BRDA:15,1,0,0
BRDA:24,2,0,5
BRDA:32,3,0,9
BRDA:33,4,0,0
BRDA:45,5,0,1
BRDA:48,6,0,0
BRDA:56,7,0,9
BRDA:58,8,0,0
BRDA:59,9,0,0
BRDA:62,10,0,8
BRDA:72,11,0,8
BRDA:73,12,0,8
BRDA:78,13,0,5
BRDA:79,14,0,4
BRDA:79,15,0,4
BRDA:80,16,0,0
BRDA:85,17,0,5
BRDA:86,18,0,4
BRDA:89,19,0,1
BRDA:101,20,0,9
BRDA:105,21,0,13
BRDA:107,22,0,11
BRDA:107,23,0,2
BRDA:110,24,0,1
BRDA:110,25,0,1
BRDA:102,26,0,22
BRF:27
BRH:21
end_of_record
TN:
SF:libs/core/server/serverRoutes.js
FN:2,<instance_members_initializer>
FN:5,ServerRoutes
FN:30,register
FN:53,route
FNF:4
FNH:4
FNDA:20,<instance_members_initializer>
FNDA:20,ServerRoutes
FNDA:21,register
FNDA:22,route
DA:1,1
DA:2,1
DA:3,1
DA:4,1
DA:5,1
DA:6,20
DA:7,20
DA:8,20
DA:9,20
DA:10,20
DA:11,20
DA:12,20
DA:13,20
DA:14,2
DA:15,2
DA:16,2
DA:17,0
DA:18,0
DA:19,2
DA:20,2
DA:21,2
DA:22,2
DA:23,0
DA:24,2
DA:25,20
DA:26,18
DA:27,18
DA:28,20
DA:29,1
DA:30,1
DA:31,21
DA:32,21
DA:33,21
DA:34,21
DA:35,21
DA:36,21
DA:37,21
DA:38,9
DA:39,9
DA:40,9
DA:41,12
DA:42,12
DA:43,12
DA:44,12
DA:45,12
DA:46,12
DA:47,12
DA:48,12
DA:49,12
DA:50,12
DA:51,12
DA:52,1
DA:53,1
DA:54,22
DA:55,22
DA:56,22
DA:57,22
DA:58,22
DA:59,22
DA:60,13
DA:61,13
DA:62,13
DA:63,22
DA:64,22
DA:65,1
DA:66,1
DA:67,1
LF:67
LH:64
BRDA:2,0,0,20
BRDA:5,1,0,20
BRDA:13,2,0,2
BRDA:13,3,0,2
BRDA:16,4,0,0
BRDA:22,5,0,0
BRDA:25,6,0,18
BRDA:30,7,0,21
BRDA:31,8,0,8
BRDA:32,9,0,1
BRDA:33,10,0,6
BRDA:37,11,0,9
BRDA:40,12,0,12
BRDA:42,13,0,1
BRDA:53,14,0,22
BRDA:54,15,0,7
BRDA:55,16,0,0
BRDA:59,17,0,9
BRDA:59,18,0,13
BRDA:63,19,0,12
BRDA:63,20,0,1
BRDA:61,21,0,14
BRF:22
BRH:19
end_of_record
TN:
SF:libs/utils/arrayExtensions.js
FN:5,ArrayExtensions
FN:9,binarySearchInex
FN:35,binarySearch
FN:41,from
FNF:4
FNH:0
FNDA:0,ArrayExtensions
FNDA:0,binarySearchInex
FNDA:0,binarySearch
FNDA:0,from
DA:1,1
DA:2,1
DA:3,1
DA:4,1
DA:5,1
DA:6,0
DA:7,0
DA:8,1
DA:9,1
DA:10,0
DA:11,0
DA:12,0
DA:13,0
DA:14,0
DA:15,0
DA:16,0
DA:17,0
DA:18,0
DA:19,0
DA:20,0
DA:21,0
DA:22,0
DA:23,0
DA:24,0
DA:25,0
DA:26,0
DA:27,0
DA:28,0
DA:29,0
DA:30,0
DA:31,0
DA:32,0
DA:33,0
DA:34,1
DA:35,1
DA:36,0
DA:37,0
DA:38,0
DA:39,0
DA:40,1
DA:41,1
DA:42,0
DA:43,0
DA:44,1
DA:45,1
DA:46,1
LF:46
LH:14
BRF:0
BRH:0
end_of_record
TN:
SF:libs/utils/index.js
FNF:0
FNH:0
DA:1,1
DA:2,1
DA:3,1
DA:4,1
DA:5,1
DA:6,1
DA:7,1
DA:8,1
LF:8
LH:8
BRF:0
BRH:0
end_of_record
TN:
SF:libs/utils/nullPointError.js
FN:2,NullPointError
FNF:1
FNH:0
FNDA:0,NullPointError
DA:1,1
DA:2,1
DA:3,0
DA:4,0
DA:5,1
LF:5
LH:3
BRF:0
BRH:0
end_of_record
TN:
SF:libs/utils/optional.js
FN:5,<static_initializer>
FN:7,<instance_members_initializer>
FN:9,Optional
FN:13,get
FN:21,orElse
FN:26,isPresent
FN:30,isEmpty
FN:34,ifPresent
FN:40,ifPresentOrElse
FN:48,filter
FN:56,map
FN:64,of
FN:71,ofNullable
FNF:13
FNH:3
FNDA:3,<static_initializer>
FNDA:3,<instance_members_initializer>
FNDA:3,Optional
FNDA:0,get
FNDA:0,orElse
FNDA:0,isPresent
FNDA:0,isEmpty
FNDA:0,ifPresent
FNDA:0,ifPresentOrElse
FNDA:0,filter
FNDA:0,map
FNDA:0,of
FNDA:0,ofNullable
DA:1,1
DA:2,1
DA:3,1
DA:4,1
DA:5,1
DA:6,1
DA:7,1
DA:8,1
DA:9,1
DA:10,3
DA:11,3
DA:12,1
DA:13,1
DA:14,0
DA:15,0
DA:16,0
DA:17,0
DA:18,0
DA:19,0
DA:20,1
DA:21,1
DA:22,0
DA:23,0
DA:24,0
DA:25,1
DA:26,1
DA:27,0
DA:28,0
DA:29,1
DA:30,1
DA:31,0
DA:32,0
DA:33,1
DA:34,1
DA:35,0
DA:36,0
DA:37,0
DA:38,0
DA:39,1
DA:40,1
DA:41,0
DA:42,0
DA:43,0
DA:44,0
DA:45,0
DA:46,0
DA:47,1
DA:48,1
DA:49,0
DA:50,0
DA:51,0
DA:52,0
DA:53,0
DA:54,0
DA:55,1
DA:56,1
DA:57,0
DA:58,0
DA:59,0
DA:60,0
DA:61,0
DA:62,0
DA:63,1
DA:64,1
DA:65,0
DA:66,0
DA:67,0
DA:68,0
DA:69,0
DA:70,1
DA:71,1
DA:72,0
DA:73,0
DA:74,0
DA:75,0
DA:76,0
DA:77,0
DA:78,1
LF:78
LH:32
BRDA:5,0,0,3
BRDA:7,1,0,3
BRDA:9,2,0,3
BRF:3
BRH:3
end_of_record
TN:
SF:libs/utils/result.js
FN:2,Result
FN:11,map
FN:18,filter
FN:23,reduce
FN:30,get
FN:34,then
FN:39,at
FN:44,first
FN:49,catch
FN:54,finally
FN:59,forEach
FN:67,flat
FN:72,concat
FN:77,sort
FN:82,toMap
FN:87,toObject
FN:92,copy
FN:96,of
FNF:18
FNH:0
FNDA:0,Result
FNDA:0,map
FNDA:0,filter
FNDA:0,reduce
FNDA:0,get
FNDA:0,then
FNDA:0,at
FNDA:0,first
FNDA:0,catch
FNDA:0,finally
FNDA:0,forEach
FNDA:0,flat
FNDA:0,concat
FNDA:0,sort
FNDA:0,toMap
FNDA:0,toObject
FNDA:0,copy
FNDA:0,of
DA:1,1
DA:2,1
DA:3,0
DA:4,0
DA:5,0
DA:6,0
DA:7,0
DA:8,0
DA:9,0
DA:10,1
DA:11,1
DA:12,0
DA:13,0
DA:14,0
DA:15,0
DA:16,0
DA:17,1
DA:18,1
DA:19,0
DA:20,0
DA:21,0
DA:22,1
DA:23,1
DA:24,0
DA:25,0
DA:26,0
DA:27,0
DA:28,0
DA:29,1
DA:30,1
DA:31,0
DA:32,0
DA:33,1
DA:34,1
DA:35,0
DA:36,0
DA:37,0
DA:38,1
DA:39,1
DA:40,0
DA:41,0
DA:42,0
DA:43,1
DA:44,1
DA:45,0
DA:46,0
DA:47,0
DA:48,1
DA:49,1
DA:50,0
DA:51,0
DA:52,0
DA:53,1
DA:54,1
DA:55,0
DA:56,0
DA:57,0
DA:58,1
DA:59,1
DA:60,0
DA:61,0
DA:62,0
DA:63,0
DA:64,0
DA:65,0
DA:66,1
DA:67,1
DA:68,0
DA:69,0
DA:70,0
DA:71,1
DA:72,1
DA:73,0
DA:74,0
DA:75,0
DA:76,1
DA:77,1
DA:78,0
DA:79,0
DA:80,0
DA:81,1
DA:82,1
DA:83,0
DA:84,0
DA:85,0
DA:86,1
DA:87,1
DA:88,0
DA:89,0
DA:90,0
DA:91,1
DA:92,1
DA:93,0
DA:94,0
DA:95,1
DA:96,1
DA:97,0
DA:98,0
DA:99,1
LF:99
LH:37
BRF:0
BRH:0
end_of_record
TN:
SF:libs/utils/stringCase.js
FN:1,parse
FN:5,factoryCamelCase
FNF:2
FNH:2
FNDA:22,parse
FNDA:11,factoryCamelCase
DA:1,22
DA:2,22
DA:3,22
DA:4,1
DA:5,1
DA:6,11
DA:7,11
DA:8,11
DA:9,11
DA:10,11
DA:11,11
DA:12,11
LF:12
LH:12
BRDA:1,0,0,22
BRDA:5,1,0,11
BRDA:7,2,0,22
BRDA:8,3,0,22
BRDA:9,4,0,22
BRF:5
BRH:5
end_of_record
TN:
SF:libs/utils/typeError.js
FNF:0
FNH:0
DA:1,1
LF:1
LH:1
BRF:0
BRH:0
end_of_record
TN:
SF:libs/utils/types.js
FN:1,isObject
FN:8,isFunction
FN:12,isUndefiend
FN:16,isSymbol
FN:20,isPrimitive
FN:24,isNull
FN:28,isString
FN:32,notNull
FN:40,requireNotNull
FNF:9
FNH:2
FNDA:16,isObject
FNDA:0,isFunction
FNDA:0,isUndefiend
FNDA:0,isSymbol
FNDA:16,isPrimitive
FNDA:0,isNull
FNDA:0,isString
FNDA:0,notNull
FNDA:0,requireNotNull
DA:1,1
DA:2,16
DA:3,0
DA:4,0
DA:5,16
DA:6,16
DA:7,1
DA:8,1
DA:9,0
DA:10,0
DA:11,1
DA:12,1
DA:13,0
DA:14,0
DA:15,1
DA:16,1
DA:17,0
DA:18,0
DA:19,1
DA:20,1
DA:21,16
DA:22,16
DA:23,1
DA:24,1
DA:25,0
DA:26,0
DA:27,1
DA:28,1
DA:29,0
DA:30,0
DA:31,1
DA:32,1
DA:33,0
DA:34,0
DA:35,0
DA:36,0
DA:37,0
DA:38,0
DA:39,1
DA:40,1
DA:41,0
DA:42,0
DA:43,0
DA:44,0
DA:45,0
DA:46,0
DA:47,0
LF:47
LH:22
BRDA:1,0,0,16
BRDA:2,1,0,0
BRDA:20,2,0,16
BRF:3
BRH:2
end_of_record
